<?xml version="1.0" encoding="UTF-8"?>
<!-- Generated by org.testng.reporters.JUnitXMLReporter -->
<testsuite hostname="kapil-VAIO" name="com.sele(failed)(failed)" tests="1" failures="1" timestamp="12 May 2014 18:09:27 GMT" time="0.081" errors="0">
  <testcase name="launchFlip" time="0.034" classname="com.sele.Class1">
    <failure type="java.lang.NullPointerException">
      <![CDATA[java.lang.NullPointerException
	at com.sele.Class1.launchFlip(Class1.java:47)
... Removed 24 stack frames]]>
    </failure>
  </testcase> <!-- launchFlip -->
</testsuite> <!-- com.sele(failed)(failed) -->
