<?xml version="1.0" encoding="UTF-8"?>
<testsuite name="TestSuite" time="29.632" tests="15" errors="0" skipped="1" failures="14">
  <properties>
[...]
</properties>
  <testcase name="createData1" classname="com.selenium.TestData.CreateTestData" time="1.048">
    <failure message="Error communicating with the remote browser. It may have died.&#10;Build info: version: &apos;2.41.0&apos;, revision: &apos;3192d8a6c4449dc285928ba024779344f5423c58&apos;, time: &apos;2014-03-27 11:29:39&apos;&#10;System info: host: &apos;HP&apos;, ip: &apos;192.168.0.104&apos;, os.name: &apos;Windows NT (unknown)&apos;, os.arch: &apos;x86&apos;, os.version: &apos;6.2&apos;, java.version: &apos;1.7.0_04&apos;&#10;Driver info: driver.version: RemoteWebDriver" type="org.openqa.selenium.remote.UnreachableBrowserException">org.openqa.selenium.remote.UnreachableBrowserException: Error communicating with the remote browser. It may have died.
Build info: version: '2.41.0', revision: '3192d8a6c4449dc285928ba024779344f5423c58', time: '2014-03-27 11:29:39'
System info: host: 'HP', ip: '192.168.0.104', os.name: 'Windows NT (unknown)', os.arch: 'x86', os.version: '6.2', java.version: '1.7.0_04'
Driver info: driver.version: RemoteWebDriver
	at java.net.DualStackPlainSocketImpl.waitForConnect(Native Method)
	at java.net.DualStackPlainSocketImpl.socketConnect(Unknown Source)
	at java.net.AbstractPlainSocketImpl.doConnect(Unknown Source)
	at java.net.AbstractPlainSocketImpl.connectToAddress(Unknown Source)
	at java.net.AbstractPlainSocketImpl.connect(Unknown Source)
	at java.net.PlainSocketImpl.connect(Unknown Source)
	at java.net.SocksSocketImpl.connect(Unknown Source)
	at java.net.Socket.connect(Unknown Source)
	at org.apache.http.conn.scheme.PlainSocketFactory.connectSocket(PlainSocketFactory.java:127)
	at org.apache.http.impl.conn.DefaultClientConnectionOperator.openConnection(DefaultClientConnectionOperator.java:180)
	at org.apache.http.impl.conn.AbstractPoolEntry.open(AbstractPoolEntry.java:151)
	at org.apache.http.impl.conn.AbstractPooledConnAdapter.open(AbstractPooledConnAdapter.java:125)
	at org.apache.http.impl.client.DefaultRequestDirector.tryConnect(DefaultRequestDirector.java:640)
	at org.apache.http.impl.client.DefaultRequestDirector.execute(DefaultRequestDirector.java:479)
	at org.apache.http.impl.client.AbstractHttpClient.execute(AbstractHttpClient.java:906)
	at org.openqa.selenium.remote.HttpCommandExecutor.fallBackExecute(HttpCommandExecutor.java:322)
	at org.openqa.selenium.remote.HttpCommandExecutor.execute(HttpCommandExecutor.java:301)
	at org.openqa.selenium.firefox.internal.NewProfileExtensionConnection.execute(NewProfileExtensionConnection.java:165)
	at org.openqa.selenium.firefox.FirefoxDriver$LazyCommandExecutor.execute(FirefoxDriver.java:362)
	at org.openqa.selenium.remote.RemoteWebDriver.execute(RemoteWebDriver.java:568)
	at org.openqa.selenium.remote.RemoteWebDriver.get(RemoteWebDriver.java:300)
	at com.selenium.TestData.CreateTestData.createData1(CreateTestData.java:25)
</failure>
    <system-out>create class........
</system-out>
  </testcase>
  <testcase name="startSelendroidServer" classname="com.selenium.Libraries.Selendrioddriver" time="27.529">
    <failure message="io.selendroid.exceptions.ShellCommandException: An error occured while executing shell command: C:\Program Files\Java\jdk1.7.0_45\bin\jarsigner.exe -sigalg MD5withRSA -digestalg SHA1 -signedjar C:\Users\VINIT\AppData\Local\Temp\resigned-android-driver178967837647764394.apk -storepass android -keystore C:\Users\VINIT\.android\debug.keystore C:\Users\VINIT\AppData\Local\Temp\android-driver178967837647764394.apk androiddebugkey" type="java.lang.RuntimeException"><![CDATA[java.lang.RuntimeException: io.selendroid.exceptions.ShellCommandException: An error occured while executing shell command: C:\Program Files\Java\jdk1.7.0_45\bin\jarsigner.exe -sigalg MD5withRSA -digestalg SHA1 -signedjar C:\Users\VINIT\AppData\Local\Temp\resigned-android-driver178967837647764394.apk -storepass android -keystore C:\Users\VINIT\.android\debug.keystore C:\Users\VINIT\AppData\Local\Temp\android-driver178967837647764394.apk androiddebugkey
	at io.selendroid.io.ShellCommand.exec(ShellCommand.java:53)
	at io.selendroid.builder.SelendroidServerBuilder.signTestServer(SelendroidServerBuilder.java:274)
	at io.selendroid.builder.SelendroidServerBuilder.resignApp(SelendroidServerBuilder.java:134)
	at io.selendroid.server.model.SelendroidStandaloneDriver.initApplicationsUnderTest(SelendroidStandaloneDriver.java:140)
	at io.selendroid.server.model.SelendroidStandaloneDriver.<init>(SelendroidStandaloneDriver.java:82)
	at io.selendroid.server.SelendroidStandaloneServer.initializeSelendroidServer(SelendroidStandaloneServer.java:91)
	at io.selendroid.server.SelendroidStandaloneServer.<init>(SelendroidStandaloneServer.java:65)
	at io.selendroid.SelendroidLauncher.lauchServer(SelendroidLauncher.java:67)
	at io.selendroid.SelendroidLauncher.lauchSelendroid(SelendroidLauncher.java:90)
	at com.selenium.Libraries.Selendrioddriver.startSelendroidServer(Selendrioddriver.java:48)
]]></failure>
    <system-out>i m inside selendriod
</system-out>
    <system-err><![CDATA[Jun 14, 2014 7:31:05 PM io.selendroid.SelendroidLauncher lauchServer
INFO: Starting selendroid-server port 4444
Jun 14, 2014 7:31:07 PM io.selendroid.io.ShellCommand exec
INFO: executing command: C:\Program Files\Android\adt-bundle-windows-x86_64-20140321\sdk\build-tools\android-4.4.2\aapt.exe remove C:\Users\VINIT\AppData\Local\Temp\android-driver178967837647764394.apk META-INF/MANIFEST.MF
Jun 14, 2014 7:31:08 PM io.selendroid.io.ShellCommand exec
INFO: executing command: C:\Program Files\Android\adt-bundle-windows-x86_64-20140321\sdk\build-tools\android-4.4.2\aapt.exe remove C:\Users\VINIT\AppData\Local\Temp\android-driver178967837647764394.apk META-INF/CERT.RSA
Jun 14, 2014 7:31:08 PM io.selendroid.io.ShellCommand exec
INFO: executing command: C:\Program Files\Android\adt-bundle-windows-x86_64-20140321\sdk\build-tools\android-4.4.2\aapt.exe remove C:\Users\VINIT\AppData\Local\Temp\android-driver178967837647764394.apk META-INF/CERT.SF
Jun 14, 2014 7:31:09 PM io.selendroid.io.ShellCommand exec
INFO: executing command: C:\Program Files\Android\adt-bundle-windows-x86_64-20140321\sdk\build-tools\android-4.4.2\aapt.exe remove C:\Users\VINIT\AppData\Local\Temp\android-driver178967837647764394.apk META-INF/ANDROIDD.SF
Jun 14, 2014 7:31:09 PM io.selendroid.io.ShellCommand exec
INFO: executing command: C:\Program Files\Android\adt-bundle-windows-x86_64-20140321\sdk\build-tools\android-4.4.2\aapt.exe remove C:\Users\VINIT\AppData\Local\Temp\android-driver178967837647764394.apk META-INF/ANDROIDD.RSA
Jun 14, 2014 7:31:11 PM io.selendroid.io.ShellCommand exec
INFO: executing command: C:\Program Files\Java\jdk1.7.0_45\bin\jarsigner.exe -sigalg MD5withRSA -digestalg SHA1 -signedjar C:\Users\VINIT\AppData\Local\Temp\resigned-android-driver178967837647764394.apk -storepass android -keystore C:\Users\VINIT\.android\debug.keystore C:\Users\VINIT\AppData\Local\Temp\android-driver178967837647764394.apk androiddebugkey
Jun 14, 2014 7:31:31 PM io.selendroid.SelendroidLauncher lauchServer
SEVERE: Error occurred while building server: io.selendroid.exceptions.ShellCommandException: An error occured while executing shell command: C:\Program Files\Java\jdk1.7.0_45\bin\jarsigner.exe -sigalg MD5withRSA -digestalg SHA1 -signedjar C:\Users\VINIT\AppData\Local\Temp\resigned-android-driver178967837647764394.apk -storepass android -keystore C:\Users\VINIT\.android\debug.keystore C:\Users\VINIT\AppData\Local\Temp\android-driver178967837647764394.apk androiddebugkey
java.lang.RuntimeException: io.selendroid.exceptions.ShellCommandException: An error occured while executing shell command: C:\Program Files\Java\jdk1.7.0_45\bin\jarsigner.exe -sigalg MD5withRSA -digestalg SHA1 -signedjar C:\Users\VINIT\AppData\Local\Temp\resigned-android-driver178967837647764394.apk -storepass android -keystore C:\Users\VINIT\.android\debug.keystore C:\Users\VINIT\AppData\Local\Temp\android-driver178967837647764394.apk androiddebugkey
	at io.selendroid.server.model.SelendroidStandaloneDriver.initApplicationsUnderTest(SelendroidStandaloneDriver.java:144)
	at io.selendroid.server.model.SelendroidStandaloneDriver.<init>(SelendroidStandaloneDriver.java:82)
	at io.selendroid.server.SelendroidStandaloneServer.initializeSelendroidServer(SelendroidStandaloneServer.java:91)
	at io.selendroid.server.SelendroidStandaloneServer.<init>(SelendroidStandaloneServer.java:65)
	at io.selendroid.SelendroidLauncher.lauchServer(SelendroidLauncher.java:67)
	at io.selendroid.SelendroidLauncher.lauchSelendroid(SelendroidLauncher.java:90)
	at com.selenium.Libraries.Selendrioddriver.startSelendroidServer(Selendrioddriver.java:48)
	at sun.reflect.NativeMethodAccessorImpl.invoke0(Native Method)
	at sun.reflect.NativeMethodAccessorImpl.invoke(Unknown Source)
	at sun.reflect.DelegatingMethodAccessorImpl.invoke(Unknown Source)
	at java.lang.reflect.Method.invoke(Unknown Source)
	at org.testng.internal.MethodInvocationHelper.invokeMethod(MethodInvocationHelper.java:80)
	at org.testng.internal.Invoker.invokeMethod(Invoker.java:691)
	at org.testng.internal.Invoker.invokeTestMethod(Invoker.java:883)
	at org.testng.internal.Invoker.invokeTestMethods(Invoker.java:1208)
	at org.testng.internal.TestMethodWorker.invokeTestMethods(TestMethodWorker.java:127)
	at org.testng.internal.TestMethodWorker.run(TestMethodWorker.java:111)
	at org.testng.TestRunner.privateRun(TestRunner.java:758)
	at org.testng.TestRunner.run(TestRunner.java:613)
	at org.testng.SuiteRunner.runTest(SuiteRunner.java:334)
	at org.testng.SuiteRunner.runSequentially(SuiteRunner.java:329)
	at org.testng.SuiteRunner.privateRun(SuiteRunner.java:291)
	at org.testng.SuiteRunner.run(SuiteRunner.java:240)
	at org.testng.SuiteRunnerWorker.runSuite(SuiteRunnerWorker.java:53)
	at org.testng.SuiteRunnerWorker.run(SuiteRunnerWorker.java:87)
	at org.testng.TestNG.runSuitesSequentially(TestNG.java:1137)
	at org.testng.TestNG.runSuitesLocally(TestNG.java:1062)
	at org.testng.TestNG.run(TestNG.java:974)
	at org.apache.maven.surefire.testng.TestNGExecutor.run(TestNGExecutor.java:178)
	at org.apache.maven.surefire.testng.TestNGXmlTestSuite.execute(TestNGXmlTestSuite.java:92)
	at org.apache.maven.surefire.testng.TestNGProvider.invoke(TestNGProvider.java:96)
	at sun.reflect.NativeMethodAccessorImpl.invoke0(Native Method)
	at sun.reflect.NativeMethodAccessorImpl.invoke(Unknown Source)
	at sun.reflect.DelegatingMethodAccessorImpl.invoke(Unknown Source)
	at java.lang.reflect.Method.invoke(Unknown Source)
	at org.apache.maven.surefire.util.ReflectionUtils.invokeMethodWithArray2(ReflectionUtils.java:208)
	at org.apache.maven.surefire.booter.ProviderFactory$ProviderProxy.invoke(ProviderFactory.java:159)
	at org.apache.maven.surefire.booter.ProviderFactory.invokeProvider(ProviderFactory.java:87)
	at org.apache.maven.surefire.booter.ForkedBooter.runSuitesInProcess(ForkedBooter.java:153)
	at org.apache.maven.surefire.booter.ForkedBooter.main(ForkedBooter.java:95)
Caused by: io.selendroid.exceptions.ShellCommandException: An error occured while executing shell command: C:\Program Files\Java\jdk1.7.0_45\bin\jarsigner.exe -sigalg MD5withRSA -digestalg SHA1 -signedjar C:\Users\VINIT\AppData\Local\Temp\resigned-android-driver178967837647764394.apk -storepass android -keystore C:\Users\VINIT\.android\debug.keystore C:\Users\VINIT\AppData\Local\Temp\android-driver178967837647764394.apk androiddebugkey
	at io.selendroid.io.ShellCommand.exec(ShellCommand.java:53)
	at io.selendroid.builder.SelendroidServerBuilder.signTestServer(SelendroidServerBuilder.java:274)
	at io.selendroid.builder.SelendroidServerBuilder.resignApp(SelendroidServerBuilder.java:134)
	at io.selendroid.server.model.SelendroidStandaloneDriver.initApplicationsUnderTest(SelendroidStandaloneDriver.java:140)
	... 39 more
Caused by: io.selendroid.exceptions.ShellCommandException: 
	... 43 more
]]></system-err>
  </testcase>
  <testcase name="launchFlip" classname="com.selenium.Libraries.Selendrioddriver" time="0">
    <skipped/>
  </testcase>
  <testcase name="validate_first_time_successfullLogin" classname="com.selenium.TestMethods.LoginMethods" time="1.026">
    <failure type="java.lang.NullPointerException:">java.lang.NullPointerException: null
	at com.selenium.TestMethods.LoginMethods.validate_first_time_successfullLogin(LoginMethods.java:98)
</failure>
    <system-out>I am inside Validation of correct user id
</system-out>
  </testcase>
  <testcase name="calladd" classname="com.selenium.TestMethods.AddFunction" time="0.014">
    <failure type="java.lang.NullPointerException:">java.lang.NullPointerException: null
	at com.selenium.TestMethods.AddFunction.add1(AddFunction.java:28)
	at com.selenium.TestMethods.AddFunction.calladd(AddFunction.java:20)
</failure>
    <system-out>I am inside Add Validation of Class
</system-out>
  </testcase>
  <testcase name="selectAffiliation" classname="com.selenium.TestMethods.SelectAffiliation" time="0">
    <failure type="java.lang.NullPointerException:">java.lang.NullPointerException: null
	at com.selenium.TestMethods.SelectAffiliation.selectAffiliation(SelectAffiliation.java:16)
</failure>
    <system-out>Inside Affiliation
</system-out>
  </testcase>
  <testcase name="gradeStudentAttended1" classname="com.selenium.TestMethods.GradingFunction" time="0">
    <failure type="java.lang.NullPointerException:">java.lang.NullPointerException: null
	at com.selenium.TestMethods.GradingFunction.gradeStudentAttended1(GradingFunction.java:22)
</failure>
  </testcase>
  <testcase name="gradeStudentAttended2" classname="com.selenium.TestMethods.GradingFunction" time="0.015">
    <failure type="java.lang.NullPointerException:">java.lang.NullPointerException: null
	at com.selenium.TestMethods.GradingFunction.gradeStudentAttended2(GradingFunction.java:56)
</failure>
  </testcase>
  <testcase name="gradeStudentAttended3" classname="com.selenium.TestMethods.GradingFunction" time="0">
    <failure type="java.lang.NullPointerException:">java.lang.NullPointerException: null
	at com.selenium.TestMethods.GradingFunction.gradeStudentAttended3(GradingFunction.java:98)
</failure>
    <system-out>Mark all as attended
</system-out>
  </testcase>
  <testcase name="addToWaitList1" classname="com.selenium.TestMethods.WaitListFunction" time="0">
    <failure type="java.lang.NullPointerException:">java.lang.NullPointerException: null
	at com.selenium.TestMethods.WaitListFunction.addToWaitList1(WaitListFunction.java:17)
</failure>
  </testcase>
  <testcase name="dropStudent" classname="com.selenium.TestMethods.DropFunction" time="0">
    <failure type="java.lang.NullPointerException:">java.lang.NullPointerException: null
	at com.selenium.TestMethods.DropFunction.dropStudent(DropFunction.java:17)
</failure>
    <system-out>i m dropping student
</system-out>
  </testcase>
  <testcase name="hiddenClass1" classname="com.selenium.TestMethods.PastClass" time="0">
    <failure message="Index: 1, Size: 0" type="java.lang.IndexOutOfBoundsException">java.lang.IndexOutOfBoundsException: Index: 1, Size: 0
	at java.util.ArrayList.rangeCheck(Unknown Source)
	at java.util.ArrayList.get(Unknown Source)
	at com.selenium.TestMethods.PastClass.hiddenClass1(PastClass.java:26)
</failure>
    <system-out>Inside PastClass Method
Inside PastClass Method1
</system-out>
  </testcase>
  <testcase name="hiddenClass2" classname="com.selenium.TestMethods.PastClass" time="0">
    <failure message="Index: 2, Size: 0" type="java.lang.IndexOutOfBoundsException">java.lang.IndexOutOfBoundsException: Index: 2, Size: 0
	at java.util.ArrayList.rangeCheck(Unknown Source)
	at java.util.ArrayList.get(Unknown Source)
	at com.selenium.TestMethods.PastClass.hiddenClass2(PastClass.java:99)
</failure>
    <system-out>mark class as complete
</system-out>
  </testcase>
  <testcase name="FutureClass1" classname="com.selenium.TestMethods.FutureClass" time="0">
    <failure message="Index: 3, Size: 0" type="java.lang.IndexOutOfBoundsException">java.lang.IndexOutOfBoundsException: Index: 3, Size: 0
	at java.util.ArrayList.rangeCheck(Unknown Source)
	at java.util.ArrayList.get(Unknown Source)
	at com.selenium.TestMethods.FutureClass.FutureClass1(FutureClass.java:27)
</failure>
    <system-out>Hide Future Class
</system-out>
  </testcase>
  <testcase name="futureClass2" classname="com.selenium.TestMethods.FutureClass" time="0">
    <failure type="java.lang.NullPointerException:">java.lang.NullPointerException: null
	at com.selenium.TestMethods.FutureClass.futureClass2(FutureClass.java:60)
</failure>
    <system-out>FC
</system-out>
  </testcase>
</testsuite>