<?xml version="1.0" encoding="UTF-8"?>
<!-- Generated by org.testng.reporters.JUnitXMLReporter -->
<testsuite hostname="HP" name="creatingtestdata" tests="3" failures="0" timestamp="29 Jun 2014 14:51:18 GMT" time="264.099" errors="0">
  <testcase name="testCF_Add_New_Student_Manually" time="139.421" classname="com.selenium.TestData.CreateDataExcel"/>
  <testcase name="testCF_Add_New_Class_Manually" time="124.613" classname="com.selenium.TestData.CreateDataExcel"/>
  <testcase name="dateit" time="0.002" classname="com.selenium.TestData.DateFunction">
    <skipped/>
  </testcase> <!-- dateit -->
</testsuite> <!-- creatingtestdata -->
