<?xml version="1.0" encoding="UTF-8"?>
<!-- Generated by org.testng.reporters.JUnitXMLReporter -->
<testsuite hostname="kapil-VAIO" name="Default test(failed)" tests="2" failures="1" timestamp="15 May 2014 18:34:22 GMT" time="4.737" errors="0">
  <testcase name="startSelendroidServer" time="4.69" classname="com.sele.Class1">
    <failure type="org.openqa.selenium.SessionNotCreatedException" message="Error occured while finding android device: Error occurred while looking for devices/emulators.
io.selendroid.exceptions.SessionNotCreatedException: Error occured while finding android device: Error occurred while looking for devices/emulators.
	at io.selendroid.server.model.SelendroidStandaloneDriver.createNewTestSession(SelendroidStandaloneDriver.java:212)
	at io.selendroid.server.handler.CreateSessionHandler.handle(CreateSessionHandler.java:42)
	at io.selendroid.server.SelendroidServlet.handleRequest(SelendroidServlet.java:142)
	at io.selendroid.server.BaseServlet.handleHttpRequest(BaseServlet.java:70)
	at org.webbitserver.netty.NettyHttpControl.nextHandler(NettyHttpControl.java:78)
	at org.webbitserver.netty.NettyHttpControl.nextHandler(NettyHttpControl.java:62)
	at org.webbitserver.handler.PathMatchHandler.handleHttpRequest(PathMatchHandler.java:33)
	at org.webbitserver.netty.NettyHttpControl.nextHandler(NettyHttpControl.java:78)
	at org.webbitserver.netty.NettyHttpControl.nextHandler(NettyHttpControl.java:62)
	at org.webbitserver.handler.DateHeaderHandler.handleHttpRequest(DateHeaderHandler.java:21)
	at org.webbitserver.netty.NettyHttpControl.nextHandler(NettyHttpControl.java:78)
	at org.webbitserver.netty.NettyHttpControl.nextHandler(NettyHttpControl.java:62)
	at org.webbitserver.handler.ServerHeaderHandler.handleHttpRequest(ServerHeaderHandler.java:25)
	at org.webbitserver.netty.NettyHttpControl.nextHandler(NettyHttpControl.java:78)
	at org.webbitserver.netty.NettyHttpControl.nextHandler(NettyHttpControl.java:67)
	at org.webbitserver.netty.NettyHttpChannelHandler$2.run(NettyHttpChannelHandler.java:72)
	at java.util.concurrent.ThreadPoolExecutor.runWorker(Unknown Source)
	at java.util.concurrent.ThreadPoolExecutor$Worker.run(Unknown Source)
	at java.lang.Thread.run(Unknown Source)

Command duration or timeout: 93 milliseconds
Build info: version: &amp;apos;2.41.0&amp;apos;, revision: &amp;apos;3192d8a6c4449dc285928ba024779344f5423c58&amp;apos;, time: &amp;apos;2014-03-27 11:29:39&amp;apos;
System info: host: &amp;apos;kapil-VAIO&amp;apos;, ip: &amp;apos;10.100.100.79&amp;apos;, os.name: &amp;apos;Windows 7&amp;apos;, os.arch: &amp;apos;x86&amp;apos;, os.version: &amp;apos;6.1&amp;apos;, java.version: &amp;apos;1.7.0_04&amp;apos;
Driver info: io.selendroid.SelendroidDriver">
      <![CDATA[org.openqa.selenium.SessionNotCreatedException: Error occured while finding android device: Error occurred while looking for devices/emulators.
io.selendroid.exceptions.SessionNotCreatedException: Error occured while finding android device: Error occurred while looking for devices/emulators.
	at io.selendroid.server.model.SelendroidStandaloneDriver.createNewTestSession(SelendroidStandaloneDriver.java:212)
	at io.selendroid.server.handler.CreateSessionHandler.handle(CreateSessionHandler.java:42)
	at io.selendroid.server.SelendroidServlet.handleRequest(SelendroidServlet.java:142)
	at io.selendroid.server.BaseServlet.handleHttpRequest(BaseServlet.java:70)
	at org.webbitserver.netty.NettyHttpControl.nextHandler(NettyHttpControl.java:78)
	at org.webbitserver.netty.NettyHttpControl.nextHandler(NettyHttpControl.java:62)
	at org.webbitserver.handler.PathMatchHandler.handleHttpRequest(PathMatchHandler.java:33)
	at org.webbitserver.netty.NettyHttpControl.nextHandler(NettyHttpControl.java:78)
	at org.webbitserver.netty.NettyHttpControl.nextHandler(NettyHttpControl.java:62)
	at org.webbitserver.handler.DateHeaderHandler.handleHttpRequest(DateHeaderHandler.java:21)
	at org.webbitserver.netty.NettyHttpControl.nextHandler(NettyHttpControl.java:78)
	at org.webbitserver.netty.NettyHttpControl.nextHandler(NettyHttpControl.java:62)
	at org.webbitserver.handler.ServerHeaderHandler.handleHttpRequest(ServerHeaderHandler.java:25)
	at org.webbitserver.netty.NettyHttpControl.nextHandler(NettyHttpControl.java:78)
	at org.webbitserver.netty.NettyHttpControl.nextHandler(NettyHttpControl.java:67)
	at org.webbitserver.netty.NettyHttpChannelHandler$2.run(NettyHttpChannelHandler.java:72)
	at java.util.concurrent.ThreadPoolExecutor.runWorker(Unknown Source)
	at java.util.concurrent.ThreadPoolExecutor$Worker.run(Unknown Source)
	at java.lang.Thread.run(Unknown Source)

Command duration or timeout: 93 milliseconds
Build info: version: '2.41.0', revision: '3192d8a6c4449dc285928ba024779344f5423c58', time: '2014-03-27 11:29:39'
System info: host: 'kapil-VAIO', ip: '10.100.100.79', os.name: 'Windows 7', os.arch: 'x86', os.version: '6.1', java.version: '1.7.0_04'
Driver info: io.selendroid.SelendroidDriver
	at org.openqa.selenium.remote.ErrorHandler.createThrowable(ErrorHandler.java:193)
	at org.openqa.selenium.remote.ErrorHandler.throwIfResponseFailed(ErrorHandler.java:145)
	at org.openqa.selenium.remote.RemoteWebDriver.execute(RemoteWebDriver.java:595)
	at org.openqa.selenium.remote.RemoteWebDriver.startSession(RemoteWebDriver.java:240)
	at org.openqa.selenium.remote.RemoteWebDriver.<init>(RemoteWebDriver.java:126)
	at org.openqa.selenium.remote.RemoteWebDriver.<init>(RemoteWebDriver.java:139)
	at io.selendroid.SelendroidDriver.<init>(SelendroidDriver.java:61)
	at com.sele.Class1.startSelendroidServer(Class1.java:53)
Caused by: io.selendroid.exceptions.SessionNotCreatedException: Error occured while finding android device: Error occurred while looking for devices/emulators.
io.selendroid.exceptions.SessionNotCreatedException: Error occured while finding android device: Error occurred while looking for devices/emulators.
	at io.selendroid.server.model.SelendroidStandaloneDriver.createNewTestSession(SelendroidStandaloneDriver.java:212)
	at io.selendroid.server.handler.CreateSessionHandler.handle(CreateSessionHandler.java:42)
	at io.selendroid.server.SelendroidServlet.handleRequest(SelendroidServlet.java:142)
	at io.selendroid.server.BaseServlet.handleHttpRequest(BaseServlet.java:70)
	at org.webbitserver.netty.NettyHttpControl.nextHandler(NettyHttpControl.java:78)
	at org.webbitserver.netty.NettyHttpControl.nextHandler(NettyHttpControl.java:62)
	at org.webbitserver.handler.PathMatchHandler.handleHttpRequest(PathMatchHandler.java:33)
	at org.webbitserver.netty.NettyHttpControl.nextHandler(NettyHttpControl.java:78)
	at org.webbitserver.netty.NettyHttpControl.nextHandler(NettyHttpControl.java:62)
	at org.webbitserver.handler.DateHeaderHandler.handleHttpRequest(DateHeaderHandler.java:21)
	at org.webbitserver.netty.NettyHttpControl.nextHandler(NettyHttpControl.java:78)
	at org.webbitserver.netty.NettyHttpControl.nextHandler(NettyHttpControl.java:62)
	at org.webbitserver.handler.ServerHeaderHandler.handleHttpRequest(ServerHeaderHandler.java:25)
	at org.webbitserver.netty.NettyHttpControl.nextHandler(NettyHttpControl.java:78)
	at org.webbitserver.netty.NettyHttpControl.nextHandler(NettyHttpControl.java:67)
	at org.webbitserver.netty.NettyHttpChannelHandler$2.run(NettyHttpChannelHandler.java:72)
	at java.util.concurrent.ThreadPoolExecutor.runWorker(Unknown Source)
	at java.util.concurrent.ThreadPoolExecutor$Worker.run(Unknown Source)
	at java.lang.Thread.run(Unknown Source)

... Removed 28 stack frames]]>
    </failure>
  </testcase> <!-- startSelendroidServer -->
  <testcase name="launchFlip" time="0.0" classname="com.sele.Class1">
    <skipped/>
  </testcase> <!-- launchFlip -->
</testsuite> <!-- Default test(failed) -->
